# github.com/lxt1045/blog/sample/json/json
./func_get_set.go:14:6: can inline pointerOffset
./func_get_set.go:19:10: can inline ptrTypeFuncs[go.shape.bool_0].func1
./func_get_set.go:24:10: can inline ptrTypeFuncs[go.shape.bool_0].func2
./func_get_set.go:30:11: can inline ptrTypeFuncs[go.shape.bool_0].func3
./func_get_set.go:35:11: can inline ptrTypeFuncs[go.shape.bool_0].func4
./func_get_set.go:44:9: can inline boolFuncs.func1
./func_get_set.go:53:9: can inline boolFuncs.func2
./struct_tag_node.go:218:6: can inline bytesString
./json.go:17:6: can inline ErrStream
./func_get_set.go:19:10: can inline ptrTypeFuncs[go.shape.uint64_0].func1
./func_get_set.go:24:10: can inline ptrTypeFuncs[go.shape.uint64_0].func2
./func_get_set.go:30:11: can inline ptrTypeFuncs[go.shape.uint64_0].func3
./func_get_set.go:35:11: can inline ptrTypeFuncs[go.shape.uint64_0].func4
./func_get_set.go:71:44: inlining call to bytesString
./func_get_set.go:73:37: inlining call to ErrStream
./func_get_set.go:79:9: can inline uint64Funcs.func2
./func_get_set.go:19:10: can inline ptrTypeFuncs[go.shape.int64_0].func1
./func_get_set.go:24:10: can inline ptrTypeFuncs[go.shape.int64_0].func2
./func_get_set.go:30:11: can inline ptrTypeFuncs[go.shape.int64_0].func3
./func_get_set.go:35:11: can inline ptrTypeFuncs[go.shape.int64_0].func4
./func_get_set.go:95:43: inlining call to bytesString
./func_get_set.go:97:37: inlining call to ErrStream
./func_get_set.go:103:9: can inline int64Funcs.func2
./func_get_set.go:19:10: can inline ptrTypeFuncs[go.shape.uint32_0].func1
./func_get_set.go:24:10: can inline ptrTypeFuncs[go.shape.uint32_0].func2
./func_get_set.go:30:11: can inline ptrTypeFuncs[go.shape.uint32_0].func3
./func_get_set.go:35:11: can inline ptrTypeFuncs[go.shape.uint32_0].func4
./func_get_set.go:118:44: inlining call to bytesString
./func_get_set.go:120:37: inlining call to ErrStream
./func_get_set.go:19:10: can inline ptrTypeFuncs[go.shape.int32_0].func1
./func_get_set.go:24:10: can inline ptrTypeFuncs[go.shape.int32_0].func2
./func_get_set.go:30:11: can inline ptrTypeFuncs[go.shape.int32_0].func3
./func_get_set.go:35:11: can inline ptrTypeFuncs[go.shape.int32_0].func4
./func_get_set.go:141:43: inlining call to bytesString
./func_get_set.go:143:37: inlining call to ErrStream
./func_get_set.go:19:10: can inline ptrTypeFuncs[go.shape.uint16_0].func1
./func_get_set.go:24:10: can inline ptrTypeFuncs[go.shape.uint16_0].func2
./func_get_set.go:30:11: can inline ptrTypeFuncs[go.shape.uint16_0].func3
./func_get_set.go:35:11: can inline ptrTypeFuncs[go.shape.uint16_0].func4
./func_get_set.go:164:44: inlining call to bytesString
./func_get_set.go:166:37: inlining call to ErrStream
./func_get_set.go:19:10: can inline ptrTypeFuncs[go.shape.int16_0].func1
./func_get_set.go:24:10: can inline ptrTypeFuncs[go.shape.int16_0].func2
./func_get_set.go:30:11: can inline ptrTypeFuncs[go.shape.int16_0].func3
./func_get_set.go:35:11: can inline ptrTypeFuncs[go.shape.int16_0].func4
./func_get_set.go:187:43: inlining call to bytesString
./func_get_set.go:189:37: inlining call to ErrStream
./func_get_set.go:19:10: can inline ptrTypeFuncs[go.shape.uint8_0].func1
./func_get_set.go:24:10: can inline ptrTypeFuncs[go.shape.uint8_0].func2
./func_get_set.go:30:11: can inline ptrTypeFuncs[go.shape.uint8_0].func3
./func_get_set.go:35:11: can inline ptrTypeFuncs[go.shape.uint8_0].func4
./func_get_set.go:210:44: inlining call to bytesString
./func_get_set.go:212:37: inlining call to ErrStream
./func_get_set.go:19:10: can inline ptrTypeFuncs[go.shape.int8_0].func1
./func_get_set.go:24:10: can inline ptrTypeFuncs[go.shape.int8_0].func2
./func_get_set.go:30:11: can inline ptrTypeFuncs[go.shape.int8_0].func3
./func_get_set.go:35:11: can inline ptrTypeFuncs[go.shape.int8_0].func4
./func_get_set.go:233:43: inlining call to bytesString
./func_get_set.go:235:37: inlining call to ErrStream
./func_get_set.go:19:10: can inline ptrTypeFuncs[go.shape.float64_0].func1
./func_get_set.go:24:10: can inline ptrTypeFuncs[go.shape.float64_0].func2
./func_get_set.go:30:11: can inline ptrTypeFuncs[go.shape.float64_0].func3
./func_get_set.go:35:11: can inline ptrTypeFuncs[go.shape.float64_0].func4
./func_get_set.go:256:43: inlining call to bytesString
./func_get_set.go:258:37: inlining call to ErrStream
./func_get_set.go:267:28: inlining call to strconv.AppendFloat
./func_get_set.go:19:10: can inline ptrTypeFuncs[go.shape.float32_0].func1
./func_get_set.go:24:10: can inline ptrTypeFuncs[go.shape.float32_0].func2
./func_get_set.go:30:11: can inline ptrTypeFuncs[go.shape.float32_0].func3
./func_get_set.go:35:11: can inline ptrTypeFuncs[go.shape.float32_0].func4
./func_get_set.go:278:43: inlining call to bytesString
./func_get_set.go:280:37: inlining call to ErrStream
./func_get_set.go:289:28: inlining call to strconv.AppendFloat
./func_get_set.go:19:10: can inline ptrTypeFuncs[go.shape.string_0].func1
./func_get_set.go:24:10: can inline ptrTypeFuncs[go.shape.string_0].func2
./func_get_set.go:30:11: can inline ptrTypeFuncs[go.shape.string_0].func3
./func_get_set.go:35:11: can inline ptrTypeFuncs[go.shape.string_0].func4
./func_get_set.go:298:9: can inline stringFuncs.func1
./func_get_set.go:303:9: can inline stringFuncs.func2
./func_get_set.go:19:10: can inline ptrTypeFuncs[go.shape.[]uint8_0].func1
./func_get_set.go:24:10: can inline ptrTypeFuncs[go.shape.[]uint8_0].func2
./func_get_set.go:30:11: can inline ptrTypeFuncs[go.shape.[]uint8_0].func3
./func_get_set.go:35:11: can inline ptrTypeFuncs[go.shape.[]uint8_0].func4
./func_get_set.go:322:37: inlining call to ErrStream
./func_get_set.go:331:52: inlining call to base64.(*Encoding).EncodedLen
./func_get_set.go:346:9: can inline sliceFuncs.func1
./func_get_set.go:350:9: can inline sliceFuncs.func2
./func_get_set.go:362:10: can inline structChildFuncs.func1
./func_get_set.go:373:10: can inline structChildFuncs.func2
./func_get_set.go:380:13: can inline structChildFuncs.func3
./func_get_set.go:385:13: can inline structChildFuncs.func4
./func_get_set.go:399:10: can inline anonymousStructFuncs.func1
./func_get_set.go:401:25: inlining call to pointerOffset
./func_get_set.go:406:25: inlining call to pointerOffset
./func_get_set.go:428:13: can inline anonymousStructFuncs.func5
./func_get_set.go:433:13: can inline anonymousStructFuncs.func6
./func_get_set.go:443:9: can inline iterfaceFuncs.func1
./func_get_set.go:447:10: can inline iterfaceFuncs.func2
./func_get_set.go:457:9: can inline mapFuncs.func1
./func_get_set.go:464:10: can inline mapFuncs.func2
./func_marshal_unmarshal.go:26:69: inlining call to ErrStream
./func_marshal_unmarshal.go:29:25: inlining call to pointerOffset
./func_marshal_unmarshal.go:32:7: can inline boolMFuncs.func2
./func_marshal_unmarshal.go:33:34: inlining call to pointerOffset
./func_marshal_unmarshal.go:46:42: inlining call to bytesString
./func_marshal_unmarshal.go:48:36: inlining call to ErrStream
./func_marshal_unmarshal.go:63:25: inlining call to pointerOffset
./func_marshal_unmarshal.go:66:7: can inline numMFuncs.func2
./func_marshal_unmarshal.go:67:34: inlining call to pointerOffset
./json.go:29:6: can inline trimSpace
./json.go:36:6: can inline parseByte
./hash_map.go:483:6: can inline hash2
./hash_map.go:164:6: can inline (*tagMap).GetV
./hash_map.go:165:14: inlining call to hash2
./hash_map.go:167:16: inlining call to bytes.Equal
./struct_tag_info.go:67:25: inlining call to (*tagMap).GetV
./struct_tag_info.go:67:25: inlining call to hash2
./struct_tag_info.go:67:25: inlining call to bytes.Equal
./json.go:367:31: inlining call to bytes.IndexByte
./json.go:400:31: inlining call to bytes.IndexByte
./json.go:431:64: inlining call to ErrStream
./json.go:438:64: inlining call to ErrStream
./json.go:445:65: inlining call to ErrStream
./json.go:453:29: inlining call to bytes.IndexByte
./json.go:62:16: inlining call to trimSpace
./json.go:72:23: inlining call to bytes.IndexByte
./json.go:79:20: inlining call to parseByte
./json.go:82:31: inlining call to ErrStream
./json.go:102:20: inlining call to parseByte
./json.go:109:31: inlining call to ErrStream
./func_marshal_unmarshal.go:75:22: inlining call to pointerOffset
./func_marshal_unmarshal.go:91:23: inlining call to pointerOffset
./func_marshal_unmarshal.go:100:7: can inline structMFuncs.func2
./func_marshal_unmarshal.go:101:34: inlining call to pointerOffset
./struct_tag_node.go:214:6: can inline reflectValueToPointer
./json.go:646:19: inlining call to "errors".New
./json.go:614:20: inlining call to "errors".New
./json.go:619:23: inlining call to utf16.IsSurrogate
./json.go:625:21: inlining call to "errors".New
./json.go:629:25: inlining call to utf16.DecodeRune
./json.go:637:52: inlining call to ErrStream
./json.go:637:19: inlining call to "errors".New
./json.go:539:33: inlining call to bytes.IndexByte
./json.go:568:35: inlining call to bytes.IndexByte
./json.go:575:33: inlining call to bytes.IndexByte
./json.go:523:21: inlining call to bytes.IndexByte
./json.go:312:64: inlining call to ErrStream
./json.go:319:64: inlining call to ErrStream
./json.go:327:65: inlining call to ErrStream
./json.go:340:19: inlining call to bytesString
./json.go:137:17: inlining call to trimSpace
./json.go:140:23: inlining call to bytes.IndexByte
./json.go:147:20: inlining call to parseByte
./json.go:149:31: inlining call to ErrStream
./json.go:159:20: inlining call to parseByte
./json.go:173:31: inlining call to ErrStream
./json.go:180:15: inlining call to trimSpace
./json.go:189:20: inlining call to parseByte
./json.go:196:31: inlining call to ErrStream
./json.go:202:15: inlining call to trimSpace
./json.go:203:33: inlining call to pointerOffset
./json.go:231:30: inlining call to reflectValueToPointer
./json.go:244:21: inlining call to pointerOffset
./json.go:257:20: inlining call to parseByte
./json.go:264:31: inlining call to ErrStream
./json.go:270:29: inlining call to reflectValueToPointer
./func_marshal_unmarshal.go:112:35: inlining call to pointerOffset
./func_marshal_unmarshal.go:124:7: can inline sliceMFuncs.func2
./func_marshal_unmarshal.go:125:34: inlining call to pointerOffset
./func_marshal_unmarshal.go:140:23: inlining call to bytes.IndexByte
./func_marshal_unmarshal.go:151:25: inlining call to pointerOffset
./func_marshal_unmarshal.go:154:7: can inline stringMFuncs.func2
./func_marshal_unmarshal.go:155:34: inlining call to pointerOffset
./func_marshal_unmarshal.go:169:17: inlining call to trimSpace
./func_marshal_unmarshal.go:171:37: inlining call to pointerOffset
./func_marshal_unmarshal.go:178:7: can inline interfaceMFuncs.func2
./func_marshal_unmarshal.go:179:34: inlining call to pointerOffset
./hash_map.go:31:6: can inline getHashFuncU64.func1
./hash_map.go:46:6: can inline getNLen
./hash_map.go:149:24: inlining call to log.Flags
./hash_map.go:149:14: inlining call to log.SetFlags
./hash_map.go:501:6: can inline hash
./hash_map.go:172:6: can inline (*tagMap).Get
./hash_map.go:173:13: inlining call to hash
./hash_map.go:175:16: inlining call to bytes.Equal
./hash_map.go:180:6: can inline (*tagMap).Get2
./hash_map.go:181:14: inlining call to hash2
./hash_map.go:183:16: inlining call to bytes.Equal
./hash_map.go:358:16: can inline getPivotMask.func1
./hash_map.go:401:39: inlining call to getPivotMask.func1
./hash_map.go:315:19: can inline logicalHash.func1
./hash_map.go:463:6: can inline getHashParam
./hash_map.go:252:15: inlining call to getNLen
./hash_map.go:258:28: inlining call to getHashParam
./hash_map.go:261:14: inlining call to hash
./hash_map.go:262:51: inlining call to bytes.Equal
./json.go:48:6: can inline parseObjToSlice
./json.go:52:6: can inline bsToStr
./json.go:120:7: can inline glob..func2
./json.go:475:29: inlining call to bytes.IndexByte
./json.go:677:6: can inline fillBytes16
./struct_tag_info.go:40:6: can inline (*TagInfo).cacheKey
./struct_tag_info.go:84:26: inlining call to reflect.TypeOf
./struct_tag_info.go:84:26: inlining call to reflect.toType
./struct_tag_info.go:194:32: inlining call to reflectValueToPointer
./struct_tag_info.go:202:32: inlining call to reflectValueToPointer
./struct_tag_info.go:210:32: inlining call to reflectValueToPointer
./struct_tag_info.go:218:32: inlining call to reflectValueToPointer
./struct_tag_info.go:226:32: inlining call to reflectValueToPointer
./struct_tag_info.go:318:23: inlining call to reflect.StructField.IsExported
./struct_tag_info.go:322:24: inlining call to reflect.StructTag.Get
./struct_tag_info.go:331:23: inlining call to strings.Split
./struct_tag_info.go:250:49: can inline (*TagInfo).setFuncs.func6
./struct_tag_info.go:252:33: inlining call to reflectValueToPointer
./struct_tag_info.go:256:79: can inline (*TagInfo).setFuncs.func7
./struct_tag_info.go:258:34: inlining call to reflectValueToPointer
./struct_tag_node.go:232:6: can inline UnpackEface
./struct_tag_node.go:255:6: can inline PtrElem
./cache.go:42:6: can inline (*cache[go.shape.uint32_0,go.shape.*uint8_1]).Get
./struct_tag_node.go:194:33: inlining call to (*cache[go.shape.uint32_0,go.shape.*uint8_1]).Get
./struct_tag_info.go:384:16: inlining call to trimSpace
./struct_tag_info.go:388:69: inlining call to ErrStream
./struct_tag_info.go:397:69: inlining call to ErrStream
./struct_tag_info.go:401:18: inlining call to parseObjToSlice
./struct_tag_info.go:405:23: inlining call to reflect.ValueOf
./struct_tag_info.go:405:23: inlining call to reflect.escapes
./struct_tag_info.go:405:23: inlining call to reflect.unpackEface
./struct_tag_info.go:405:23: inlining call to reflect.(*rtype).Kind
./struct_tag_info.go:405:23: inlining call to reflect.ifaceIndir
./struct_tag_info.go:406:23: inlining call to reflect.Indirect
./struct_tag_info.go:406:23: inlining call to reflect.Value.Kind
./struct_tag_info.go:406:23: inlining call to reflect.flag.kind
./struct_tag_info.go:407:15: inlining call to reflect.Value.CanSet
./struct_tag_info.go:412:22: inlining call to UnpackEface
./struct_tag_info.go:413:19: inlining call to PtrElem
./struct_tag_node.go:160:6: can inline Type.IsNull
./struct_tag_node.go:165:6: can inline Type.String
./struct_tag_node.go:189:6: can inline strToUintptr
./struct_tag_node.go:228:6: can inline unpackEface
./cache.go:36:6: can inline newCache[go.shape.uint32_0,go.shape.*uint8_1]
./json.go:667:13: inlining call to fillBytes16
./json.go:668:13: inlining call to fillBytes16
./json.go:669:13: inlining call to fillBytes16
./json.go:670:13: inlining call to fillBytes16
./json.go:671:13: inlining call to fillBytes16
./json.go:672:13: inlining call to fillBytes16
./json.go:673:13: inlining call to fillBytes16
./json.go:674:13: inlining call to fillBytes16
./struct_tag_node.go:185:49: inlining call to newCache[go.shape.uint32_0,go.shape.*uint8_1]
./func_get_set.go:14:20: leaking param: p to result pOut level=0
./func_get_set.go:19:15: pObj does not escape
./func_get_set.go:19:36: leaking param: bs
./func_get_set.go:24:15: leaking param content: pObj
./func_get_set.go:24:36: leaking param: in
./func_get_set.go:30:16: pObj does not escape
./func_get_set.go:30:37: leaking param: bs
./func_get_set.go:35:16: leaking param content: pObj
./func_get_set.go:35:37: leaking param: in
./func_get_set.go:20:7: moved to heap: obj
./func_get_set.go:31:8: moved to heap: p
./func_get_set.go:19:10: func literal escapes to heap
./func_get_set.go:24:10: func literal escapes to heap
./func_get_set.go:30:11: func literal escapes to heap
./func_get_set.go:35:11: func literal escapes to heap
./func_get_set.go:44:14: leaking param: pObj to result pBase level=0
./func_get_set.go:44:35: raw does not escape
./func_get_set.go:53:14: leaking param: pObj to result pBase level=0
./func_get_set.go:53:35: leaking param: in to result out level=0
./func_get_set.go:44:9: func literal escapes to heap
./func_get_set.go:53:9: func literal escapes to heap
./func_get_set.go:56:27: ([]byte)("false") does not escape
./func_get_set.go:58:27: ([]byte)("true") does not escape
./func_get_set.go:19:15: pObj does not escape
./func_get_set.go:19:36: leaking param: bs
./func_get_set.go:24:15: leaking param content: pObj
./func_get_set.go:24:36: leaking param: in
./func_get_set.go:30:16: pObj does not escape
./func_get_set.go:30:37: leaking param: bs
./func_get_set.go:35:16: leaking param content: pObj
./func_get_set.go:35:37: leaking param: in
./func_get_set.go:20:7: moved to heap: obj
./func_get_set.go:31:8: moved to heap: p
./func_get_set.go:19:10: func literal escapes to heap
./func_get_set.go:24:10: func literal escapes to heap
./func_get_set.go:30:11: func literal escapes to heap
./func_get_set.go:35:11: func literal escapes to heap
./func_get_set.go:69:14: leaking param: pObj to result pBase level=0
./func_get_set.go:69:35: leaking param: raw
./func_get_set.go:79:14: leaking param: pObj to result pBase level=0
./func_get_set.go:79:35: leaking param: in to result out level=0
./func_get_set.go:69:9: func literal escapes to heap
./func_get_set.go:73:37: string(stream) escapes to heap
./func_get_set.go:79:9: func literal escapes to heap
./func_get_set.go:19:15: pObj does not escape
./func_get_set.go:19:36: leaking param: bs
./func_get_set.go:24:15: leaking param content: pObj
./func_get_set.go:24:36: leaking param: in
./func_get_set.go:30:16: pObj does not escape
./func_get_set.go:30:37: leaking param: bs
./func_get_set.go:35:16: leaking param content: pObj
./func_get_set.go:35:37: leaking param: in
./func_get_set.go:20:7: moved to heap: obj
./func_get_set.go:31:8: moved to heap: p
./func_get_set.go:19:10: func literal escapes to heap
./func_get_set.go:24:10: func literal escapes to heap
./func_get_set.go:30:11: func literal escapes to heap
./func_get_set.go:35:11: func literal escapes to heap
./func_get_set.go:93:14: leaking param: pObj to result pBase level=0
./func_get_set.go:93:35: leaking param: raw
./func_get_set.go:103:14: leaking param: pObj to result pBase level=0
./func_get_set.go:103:35: leaking param: in to result out level=0
./func_get_set.go:93:9: func literal escapes to heap
./func_get_set.go:97:37: string(stream) escapes to heap
./func_get_set.go:103:9: func literal escapes to heap
./func_get_set.go:19:15: pObj does not escape
./func_get_set.go:19:36: leaking param: bs
./func_get_set.go:24:15: leaking param content: pObj
./func_get_set.go:24:36: leaking param: in
./func_get_set.go:30:16: pObj does not escape
./func_get_set.go:30:37: leaking param: bs
./func_get_set.go:35:16: leaking param content: pObj
./func_get_set.go:35:37: leaking param: in
./func_get_set.go:20:7: moved to heap: obj
./func_get_set.go:31:8: moved to heap: p
./func_get_set.go:19:10: func literal escapes to heap
./func_get_set.go:24:10: func literal escapes to heap
./func_get_set.go:30:11: func literal escapes to heap
./func_get_set.go:35:11: func literal escapes to heap
./func_get_set.go:116:14: leaking param: pObj to result pBase level=0
./func_get_set.go:116:35: leaking param: raw
./func_get_set.go:126:14: leaking param: pObj to result pBase level=0
./func_get_set.go:126:35: leaking param: in to result out level=0
./func_get_set.go:116:9: func literal escapes to heap
./func_get_set.go:120:37: string(stream) escapes to heap
./func_get_set.go:126:9: func literal escapes to heap
./func_get_set.go:19:15: pObj does not escape
./func_get_set.go:19:36: leaking param: bs
./func_get_set.go:24:15: leaking param content: pObj
./func_get_set.go:24:36: leaking param: in
./func_get_set.go:30:16: pObj does not escape
./func_get_set.go:30:37: leaking param: bs
./func_get_set.go:35:16: leaking param content: pObj
./func_get_set.go:35:37: leaking param: in
./func_get_set.go:20:7: moved to heap: obj
./func_get_set.go:31:8: moved to heap: p
./func_get_set.go:19:10: func literal escapes to heap
./func_get_set.go:24:10: func literal escapes to heap
./func_get_set.go:30:11: func literal escapes to heap
./func_get_set.go:35:11: func literal escapes to heap
./func_get_set.go:139:14: leaking param: pObj to result pBase level=0
./func_get_set.go:139:35: leaking param: raw
./func_get_set.go:149:14: leaking param: pObj to result pBase level=0
./func_get_set.go:149:35: leaking param: in to result out level=0
./func_get_set.go:139:9: func literal escapes to heap
./func_get_set.go:143:37: string(stream) escapes to heap
./func_get_set.go:149:9: func literal escapes to heap
./func_get_set.go:19:15: pObj does not escape
./func_get_set.go:19:36: leaking param: bs
./func_get_set.go:24:15: leaking param content: pObj
./func_get_set.go:24:36: leaking param: in
./func_get_set.go:30:16: pObj does not escape
./func_get_set.go:30:37: leaking param: bs
./func_get_set.go:35:16: leaking param content: pObj
./func_get_set.go:35:37: leaking param: in
./func_get_set.go:20:7: moved to heap: obj
./func_get_set.go:31:8: moved to heap: p
./func_get_set.go:19:10: func literal escapes to heap
./func_get_set.go:24:10: func literal escapes to heap
./func_get_set.go:30:11: func literal escapes to heap
./func_get_set.go:35:11: func literal escapes to heap
./func_get_set.go:162:14: leaking param: pObj to result pBase level=0
./func_get_set.go:162:35: leaking param: raw
./func_get_set.go:172:14: leaking param: pObj to result pBase level=0
./func_get_set.go:172:35: leaking param: in to result out level=0
./func_get_set.go:162:9: func literal escapes to heap
./func_get_set.go:166:37: string(stream) escapes to heap
./func_get_set.go:172:9: func literal escapes to heap
./func_get_set.go:19:15: pObj does not escape
./func_get_set.go:19:36: leaking param: bs
./func_get_set.go:24:15: leaking param content: pObj
./func_get_set.go:24:36: leaking param: in
./func_get_set.go:30:16: pObj does not escape
./func_get_set.go:30:37: leaking param: bs
./func_get_set.go:35:16: leaking param content: pObj
./func_get_set.go:35:37: leaking param: in
./func_get_set.go:20:7: moved to heap: obj
./func_get_set.go:31:8: moved to heap: p
./func_get_set.go:19:10: func literal escapes to heap
./func_get_set.go:24:10: func literal escapes to heap
./func_get_set.go:30:11: func literal escapes to heap
./func_get_set.go:35:11: func literal escapes to heap
./func_get_set.go:185:14: leaking param: pObj to result pBase level=0
./func_get_set.go:185:35: leaking param: raw
./func_get_set.go:195:14: leaking param: pObj to result pBase level=0
./func_get_set.go:195:35: leaking param: in to result out level=0
./func_get_set.go:185:9: func literal escapes to heap
./func_get_set.go:189:37: string(stream) escapes to heap
./func_get_set.go:195:9: func literal escapes to heap
./func_get_set.go:19:15: pObj does not escape
./func_get_set.go:19:36: leaking param: bs
./func_get_set.go:24:15: leaking param content: pObj
./func_get_set.go:24:36: leaking param: in
./func_get_set.go:30:16: pObj does not escape
./func_get_set.go:30:37: leaking param: bs
./func_get_set.go:35:16: leaking param content: pObj
./func_get_set.go:35:37: leaking param: in
./func_get_set.go:20:7: moved to heap: obj
./func_get_set.go:31:8: moved to heap: p
./func_get_set.go:19:10: func literal escapes to heap
./func_get_set.go:24:10: func literal escapes to heap
./func_get_set.go:30:11: func literal escapes to heap
./func_get_set.go:35:11: func literal escapes to heap
./func_get_set.go:208:14: leaking param: pObj to result pBase level=0
./func_get_set.go:208:35: leaking param: raw
./func_get_set.go:218:14: leaking param: pObj to result pBase level=0
./func_get_set.go:218:35: leaking param: in to result out level=0
./func_get_set.go:208:9: func literal escapes to heap
./func_get_set.go:212:37: string(stream) escapes to heap
./func_get_set.go:218:9: func literal escapes to heap
./func_get_set.go:19:15: pObj does not escape
./func_get_set.go:19:36: leaking param: bs
./func_get_set.go:24:15: leaking param content: pObj
./func_get_set.go:24:36: leaking param: in
./func_get_set.go:30:16: pObj does not escape
./func_get_set.go:30:37: leaking param: bs
./func_get_set.go:35:16: leaking param content: pObj
./func_get_set.go:35:37: leaking param: in
./func_get_set.go:20:7: moved to heap: obj
./func_get_set.go:31:8: moved to heap: p
./func_get_set.go:19:10: func literal escapes to heap
./func_get_set.go:24:10: func literal escapes to heap
./func_get_set.go:30:11: func literal escapes to heap
./func_get_set.go:35:11: func literal escapes to heap
./func_get_set.go:231:14: leaking param: pObj to result pBase level=0
./func_get_set.go:231:35: leaking param: raw
./func_get_set.go:241:14: leaking param: pObj to result pBase level=0
./func_get_set.go:241:35: leaking param: in to result out level=0
./func_get_set.go:231:9: func literal escapes to heap
./func_get_set.go:235:37: string(stream) escapes to heap
./func_get_set.go:241:9: func literal escapes to heap
./func_get_set.go:19:15: pObj does not escape
./func_get_set.go:19:36: leaking param: bs
./func_get_set.go:24:15: leaking param content: pObj
./func_get_set.go:24:36: leaking param: in
./func_get_set.go:30:16: pObj does not escape
./func_get_set.go:30:37: leaking param: bs
./func_get_set.go:35:16: leaking param content: pObj
./func_get_set.go:35:37: leaking param: in
./func_get_set.go:20:7: moved to heap: obj
./func_get_set.go:31:8: moved to heap: p
./func_get_set.go:19:10: func literal escapes to heap
./func_get_set.go:24:10: func literal escapes to heap
./func_get_set.go:30:11: func literal escapes to heap
./func_get_set.go:35:11: func literal escapes to heap
./func_get_set.go:254:14: leaking param: pObj to result pBase level=0
./func_get_set.go:254:35: leaking param: raw
./func_get_set.go:264:14: leaking param: pObj to result pBase level=0
./func_get_set.go:264:35: leaking param: in to result out level=0
./func_get_set.go:254:9: func literal escapes to heap
./func_get_set.go:258:37: string(stream) escapes to heap
./func_get_set.go:264:9: func literal escapes to heap
./func_get_set.go:19:15: pObj does not escape
./func_get_set.go:19:36: leaking param: bs
./func_get_set.go:24:15: leaking param content: pObj
./func_get_set.go:24:36: leaking param: in
./func_get_set.go:30:16: pObj does not escape
./func_get_set.go:30:37: leaking param: bs
./func_get_set.go:35:16: leaking param content: pObj
./func_get_set.go:35:37: leaking param: in
./func_get_set.go:20:7: moved to heap: obj
./func_get_set.go:31:8: moved to heap: p
./func_get_set.go:19:10: func literal escapes to heap
./func_get_set.go:24:10: func literal escapes to heap
./func_get_set.go:30:11: func literal escapes to heap
./func_get_set.go:35:11: func literal escapes to heap
./func_get_set.go:276:14: leaking param: pObj to result pBase level=0
./func_get_set.go:276:35: leaking param: raw
./func_get_set.go:286:14: leaking param: pObj to result pBase level=0
./func_get_set.go:286:35: leaking param: in to result out level=0
./func_get_set.go:276:9: func literal escapes to heap
./func_get_set.go:280:37: string(stream) escapes to heap
./func_get_set.go:286:9: func literal escapes to heap
./func_get_set.go:19:15: pObj does not escape
./func_get_set.go:19:36: leaking param: bs
./func_get_set.go:24:15: leaking param content: pObj
./func_get_set.go:24:36: leaking param: in
./func_get_set.go:30:16: pObj does not escape
./func_get_set.go:30:37: leaking param: bs
./func_get_set.go:35:16: leaking param content: pObj
./func_get_set.go:35:37: leaking param: in
./func_get_set.go:20:7: moved to heap: obj
./func_get_set.go:31:8: moved to heap: p
./func_get_set.go:19:10: func literal escapes to heap
./func_get_set.go:24:10: func literal escapes to heap
./func_get_set.go:30:11: func literal escapes to heap
./func_get_set.go:35:11: func literal escapes to heap
./func_get_set.go:298:14: leaking param: pObj to result pBase level=0
./func_get_set.go:298:35: leaking param: raw
./func_get_set.go:303:14: leaking param: pObj to result pBase level=0
./func_get_set.go:303:35: leaking param: in to result out level=0
./func_get_set.go:298:9: func literal escapes to heap
./func_get_set.go:303:9: func literal escapes to heap
./func_get_set.go:19:15: pObj does not escape
./func_get_set.go:19:36: leaking param: bs
./func_get_set.go:24:15: leaking param content: pObj
./func_get_set.go:24:36: leaking param: in
./func_get_set.go:30:16: pObj does not escape
./func_get_set.go:30:37: leaking param: bs
./func_get_set.go:35:16: leaking param content: pObj
./func_get_set.go:35:37: leaking param: in
./func_get_set.go:20:7: moved to heap: obj
./func_get_set.go:31:8: moved to heap: p
./func_get_set.go:19:10: func literal escapes to heap
./func_get_set.go:24:10: func literal escapes to heap
./func_get_set.go:30:11: func literal escapes to heap
./func_get_set.go:35:11: func literal escapes to heap
./func_get_set.go:325:8: bytesFuncs.func1 ignoring self-assignment in *pbs = (*pbs)[:n]
./func_get_set.go:316:14: leaking param: pObj to result pBase level=0
./func_get_set.go:316:35: raw does not escape
./func_get_set.go:328:14: leaking param: pObj to result pBase level=0
./func_get_set.go:328:35: leaking param: in to result out level=0
./func_get_set.go:316:9: func literal escapes to heap
./func_get_set.go:319:14: make([]byte, len(raw) * 2) escapes to heap
./func_get_set.go:322:37: string(stream) escapes to heap
./func_get_set.go:328:9: func literal escapes to heap
./func_get_set.go:334:24: make([]byte, need) escapes to heap
./func_get_set.go:346:14: leaking param: pObj to result pBase level=0
./func_get_set.go:346:35: raw does not escape
./func_get_set.go:350:14: leaking param: pObj to result pBase level=1
./func_get_set.go:350:35: leaking param: in to result out level=0
./func_get_set.go:346:9: func literal escapes to heap
./func_get_set.go:350:9: func literal escapes to heap
./func_get_set.go:360:36: leaking param: fNew
./func_get_set.go:362:15: leaking param content: pObj
./func_get_set.go:362:36: raw does not escape
./func_get_set.go:373:15: leaking param: pObj to result pBase level=1
./func_get_set.go:373:36: leaking param: in to result out level=0
./func_get_set.go:380:18: pObj does not escape
./func_get_set.go:380:39: leaking param: bs
./func_get_set.go:385:18: leaking param content: pObj
./func_get_set.go:385:39: leaking param: in
./func_get_set.go:381:9: moved to heap: p
./func_get_set.go:362:10: func literal escapes to heap
./func_get_set.go:373:10: func literal escapes to heap
./func_get_set.go:380:13: func literal escapes to heap
./func_get_set.go:385:13: func literal escapes to heap
./func_get_set.go:396:56: leaking param: fSet0
./func_get_set.go:396:71: leaking param: fGet0
./func_get_set.go:397:2: leaking param: fNew
./func_get_set.go:399:15: leaking param: pObj
./func_get_set.go:399:36: leaking param: raw
./func_get_set.go:404:15: leaking param: pObj
./func_get_set.go:404:36: leaking param: in
./func_get_set.go:410:15: leaking param content: pObj
./func_get_set.go:410:36: leaking param: raw
./func_get_set.go:418:15: leaking param content: pObj
./func_get_set.go:418:36: leaking param: in
./func_get_set.go:428:18: pObj does not escape
./func_get_set.go:428:39: leaking param: bs
./func_get_set.go:433:18: leaking param content: pObj
./func_get_set.go:433:39: leaking param: in
./func_get_set.go:429:9: moved to heap: p
./func_get_set.go:399:10: func literal escapes to heap
./func_get_set.go:404:10: func literal escapes to heap
./func_get_set.go:410:10: func literal escapes to heap
./func_get_set.go:418:10: func literal escapes to heap
./func_get_set.go:428:13: func literal escapes to heap
./func_get_set.go:433:13: func literal escapes to heap
./func_get_set.go:443:14: leaking param: pObj to result pBase level=0
./func_get_set.go:443:35: raw does not escape
./func_get_set.go:447:15: leaking param: pObj to result pBase level=1
./func_get_set.go:447:36: leaking param: in to result out level=0
./func_get_set.go:443:9: func literal escapes to heap
./func_get_set.go:447:10: func literal escapes to heap
./func_get_set.go:457:14: leaking param: pObj to result pBase level=0
./func_get_set.go:457:35: raw does not escape
./func_get_set.go:464:15: leaking param: pObj to result pBase level=1
./func_get_set.go:464:36: leaking param: in to result out level=0
./func_get_set.go:457:9: func literal escapes to heap
./func_get_set.go:459:12: make(map[string]interface {}) escapes to heap
./func_get_set.go:464:10: func literal escapes to heap
./func_marshal_unmarshal.go:16:28: leaking param: pObj
./func_marshal_unmarshal.go:16:49: leaking param: stream
./func_marshal_unmarshal.go:16:64: tag does not escape
./func_marshal_unmarshal.go:32:12: leaking param: pObj
./func_marshal_unmarshal.go:32:33: leaking param: in
./func_marshal_unmarshal.go:32:44: tag does not escape
./func_marshal_unmarshal.go:16:9: func literal escapes to heap
./func_marshal_unmarshal.go:26:22: ... argument does not escape
./func_marshal_unmarshal.go:26:69: ~R0 escapes to heap
./func_marshal_unmarshal.go:26:69: string(stream) escapes to heap
./func_marshal_unmarshal.go:32:7: func literal escapes to heap
./func_marshal_unmarshal.go:39:22: leaking param: stream
./func_marshal_unmarshal.go:48:36: string(stream) escapes to heap
./func_marshal_unmarshal.go:55:28: leaking param: pObj
./func_marshal_unmarshal.go:55:49: leaking param: stream
./func_marshal_unmarshal.go:55:64: tag does not escape
./func_marshal_unmarshal.go:66:12: leaking param: pObj
./func_marshal_unmarshal.go:66:33: leaking param: in
./func_marshal_unmarshal.go:66:44: tag does not escape
./func_marshal_unmarshal.go:55:9: func literal escapes to heap
./func_marshal_unmarshal.go:66:7: func literal escapes to heap
./struct_tag_info.go:62:7: leaking param: t to result ~r0 level=2
./struct_tag_info.go:62:28: key does not escape
./struct_tag_info.go:65:27: string(key) does not escape
./struct_tag_info.go:67:25: string(bytes.a) does not escape
./struct_tag_info.go:67:25: string(bytes.b) does not escape
./json.go:347:17: stream does not escape
./json.go:431:22: ... argument does not escape
./json.go:431:64: ~R0 escapes to heap
./json.go:431:64: string(stream) escapes to heap
./json.go:438:22: ... argument does not escape
./json.go:438:64: ~R0 escapes to heap
./json.go:438:64: string(stream) escapes to heap
./json.go:445:22: ... argument does not escape
./json.go:445:65: ~R0 escapes to heap
./json.go:445:65: string(stream) escapes to heap
./json.go:58:29: leaking param: stream
./json.go:58:44: leaking param: pObj
./json.go:58:65: leaking param content: tag
./json.go:61:15: []byte{} does not escape
./json.go:82:31: string(stream) escapes to heap
./json.go:109:31: string(stream) escapes to heap
./func_marshal_unmarshal.go:73:40: leaking param: pObj
./func_marshal_unmarshal.go:73:61: leaking param: stream
./func_marshal_unmarshal.go:73:76: leaking param content: tag
./func_marshal_unmarshal.go:85:28: leaking param: pObj
./func_marshal_unmarshal.go:85:49: leaking param: stream
./func_marshal_unmarshal.go:85:64: leaking param content: tag
./func_marshal_unmarshal.go:100:12: leaking param: pObj
./func_marshal_unmarshal.go:100:33: leaking param: in
./func_marshal_unmarshal.go:100:44: tag does not escape
./func_marshal_unmarshal.go:85:9: func literal escapes to heap
./func_marshal_unmarshal.go:100:7: func literal escapes to heap
./json.go:643:21: raw does not escape
./json.go:644:36: string(raw) escapes to heap
./json.go:646:64: "err:" + err.Error() + ",ncorrect format: " + string(raw) escapes to heap
./json.go:646:72: string(raw) does not escape
./json.go:646:19: &"errors".errorString{...} escapes to heap
./json.go:592:18: raw does not escape
./json.go:596:22: []byte{...} escapes to heap
./json.go:598:22: []byte{...} escapes to heap
./json.go:600:22: []byte{...} escapes to heap
./json.go:602:22: []byte{...} escapes to heap
./json.go:604:22: []byte{...} escapes to heap
./json.go:606:22: []byte{...} escapes to heap
./json.go:608:22: []byte{...} escapes to heap
./json.go:610:22: []byte{...} escapes to heap
./json.go:614:44: "incorrect format: \\" + string(raw) escapes to heap
./json.go:614:52: string(raw) does not escape
./json.go:614:20: &"errors".errorString{...} escapes to heap
./json.go:625:60: "incorrect format: \\" + string(last) + string(raw[:l]) escapes to heap
./json.go:625:53: string(last) does not escape
./json.go:625:68: string(raw[:l]) does not escape
./json.go:625:21: &"errors".errorString{...} escapes to heap
./json.go:633:14: make([]byte, 4) escapes to heap
./json.go:637:41: "incorrect format: " + ~R0 escapes to heap
./json.go:637:52: string(stream) does not escape
./json.go:637:19: &"errors".errorString{...} escapes to heap
./json.go:537:23: leaking param: stream to result raw level=0
./json.go:548:23: string(stream[i:]) escapes to heap
./json.go:548:15: string(stream[i:]) escapes to heap
./json.go:570:25: string(stream[i:]) escapes to heap
./json.go:570:17: string(stream[i:]) escapes to heap
./json.go:521:15: leaking param: stream to result raw level=0
./json.go:283:35: leaking param: stream
./json.go:283:50: p does not escape
./json.go:125:38: leaking param: stream
./json.go:178:40: leaking param: stream
./json.go:290:4: f escapes to heap
./json.go:306:4: s escapes to heap
./json.go:312:22: ... argument does not escape
./json.go:312:64: ~R0 escapes to heap
./json.go:312:64: string(stream) escapes to heap
./json.go:319:22: ... argument does not escape
./json.go:319:64: ~R0 escapes to heap
./json.go:319:64: string(stream) escapes to heap
./json.go:323:4: true escapes to heap
./json.go:327:22: ... argument does not escape
./json.go:327:65: ~R0 escapes to heap
./json.go:327:65: string(stream) escapes to heap
./json.go:331:4: false escapes to heap
./json.go:340:4: ~R0 escapes to heap
./json.go:128:15: []byte{} escapes to heap
./json.go:149:31: string(stream) escapes to heap
./json.go:165:13: make(map[string]interface {}, len(pairs) * 1) escapes to heap
./json.go:167:14: string(pairs[i].k) escapes to heap
./json.go:170:17: pairs escapes to heap
./json.go:173:31: string(stream) escapes to heap
./json.go:196:31: string(stream) escapes to heap
./json.go:200:31: leaking param: stream
./json.go:200:46: leaking param: pObj
./json.go:200:67: leaking param content: tag
./json.go:264:31: string(stream) escapes to heap
./func_marshal_unmarshal.go:108:28: leaking param: pObj
./func_marshal_unmarshal.go:108:49: leaking param: stream
./func_marshal_unmarshal.go:108:64: leaking param content: tag
./func_marshal_unmarshal.go:124:12: leaking param: pObj
./func_marshal_unmarshal.go:124:33: leaking param: in
./func_marshal_unmarshal.go:124:44: tag does not escape
./func_marshal_unmarshal.go:108:9: func literal escapes to heap
./func_marshal_unmarshal.go:124:7: func literal escapes to heap
./func_marshal_unmarshal.go:132:28: leaking param: pObj
./func_marshal_unmarshal.go:132:49: leaking param: stream
./func_marshal_unmarshal.go:132:64: tag does not escape
./func_marshal_unmarshal.go:154:12: leaking param: pObj
./func_marshal_unmarshal.go:154:33: leaking param: in
./func_marshal_unmarshal.go:154:44: tag does not escape
./func_marshal_unmarshal.go:132:9: func literal escapes to heap
./func_marshal_unmarshal.go:154:7: func literal escapes to heap
./func_marshal_unmarshal.go:162:28: pObj does not escape
./func_marshal_unmarshal.go:162:49: leaking param: stream
./func_marshal_unmarshal.go:162:64: tag does not escape
./func_marshal_unmarshal.go:178:12: leaking param: pObj
./func_marshal_unmarshal.go:178:33: leaking param: in
./func_marshal_unmarshal.go:178:44: tag does not escape
./func_marshal_unmarshal.go:162:9: func literal escapes to heap
./func_marshal_unmarshal.go:178:7: func literal escapes to heap
./hash_map.go:13:21: idxs does not escape
./hash_map.go:31:11: key does not escape
./hash_map.go:21:14: make([]N, len(idxs)) escapes to heap
./hash_map.go:31:6: func literal escapes to heap
./hash_map.go:55:16: make([]byte, 0, 256) escapes to heap
./hash_map.go:56:16: []byte{...} does not escape
./hash_map.go:117:34: []byte{...} does not escape
./hash_map.go:122:11: make(map[byte]struct {}) does not escape
./hash_map.go:125:21: fmt.Sprintf("%b already exist", ... argument...) escapes to heap
./hash_map.go:125:21: ... argument does not escape
./hash_map.go:125:22: b escapes to heap
./hash_map.go:134:21: fmt.Sprintf("%b not exist", ... argument...) escapes to heap
./hash_map.go:134:21: ... argument does not escape
./hash_map.go:134:22: b escapes to heap
./hash_map.go:140:16: allMask does not escape
./hash_map.go:143:21: ... argument does not escape
./hash_map.go:143:22: b escapes to heap
./hash_map.go:143:22: b escapes to heap
./hash_map.go:145:12: ... argument does not escape
./hash_map.go:145:13: str escapes to heap
./hash_map.go:164:7: leaking param: m to result v level=2
./hash_map.go:164:23: k does not escape
./hash_map.go:167:16: string(bytes.a) does not escape
./hash_map.go:167:16: string(bytes.b) does not escape
./hash_map.go:172:7: leaking param: m to result v level=2
./hash_map.go:172:22: k does not escape
./hash_map.go:175:16: string(bytes.a) does not escape
./hash_map.go:175:16: string(bytes.b) does not escape
./hash_map.go:180:7: leaking param: m to result v level=2
./hash_map.go:180:23: k does not escape
./hash_map.go:183:16: string(bytes.a) does not escape
./hash_map.go:183:16: string(bytes.b) does not escape
./hash_map.go:189:7: leaking param content: m
./hash_map.go:190:20: ... argument does not escape
./hash_map.go:190:52: len(m.S) escapes to heap
./hash_map.go:190:60: m.idxN escapes to heap
./hash_map.go:191:18: []string{} does not escape
./hash_map.go:196:29: string(n.K) escapes to heap
./hash_map.go:197:21: ... argument does not escape
./hash_map.go:197:22: i escapes to heap
./hash_map.go:197:43: n.K escapes to heap
./hash_map.go:197:50: n.V.TagName escapes to heap
./hash_map.go:202:22: ... argument does not escape
./hash_map.go:202:30: i / 10 escapes to heap
./hash_map.go:205:21: ... argument does not escape
./hash_map.go:205:29: i % 10 escapes to heap
./hash_map.go:210:22: ... argument does not escape
./hash_map.go:210:23: b escapes to heap
./hash_map.go:212:21: ... argument does not escape
./hash_map.go:212:35: string(bs) escapes to heap
./hash_map.go:216:16: bsList does not escape
./hash_map.go:220:22: ... argument does not escape
./hash_map.go:220:30: i / 10 escapes to heap
./hash_map.go:223:21: ... argument does not escape
./hash_map.go:223:29: i % 10 escapes to heap
./hash_map.go:228:22: ... argument does not escape
./hash_map.go:228:23: b escapes to heap
./hash_map.go:230:21: ... argument does not escape
./hash_map.go:230:35: string(bs) escapes to heap
./hash_map.go:230:35: string(bs) escapes to heap
./hash_map.go:232:12: ... argument does not escape
./hash_map.go:232:13: str escapes to heap
./hash_map.go:326:19: bsList does not escape
./hash_map.go:356:22: []BlockNew{} does not escape
./hash_map.go:358:16: func literal does not escape
./hash_map.go:371:15: make([]Block, len(bsList)) escapes to heap
./hash_map.go:377:21: make(map[int]*Hit) does not escape
./hash_map.go:388:27: &Hit{...} escapes to heap
./hash_map.go:437:21: map[int]bool{} does not escape
./hash_map.go:296:18: bsList does not escape
./hash_map.go:298:14: []iN{...} escapes to heap
./hash_map.go:315:12: idxN escapes to heap
./hash_map.go:315:19: func literal does not escape
./hash_map.go:239:18: leaking param: nodes
./hash_map.go:240:16: make([][]byte, 0, len(nodes)) escapes to heap
./hash_map.go:247:15: []int{} does not escape
./hash_map.go:253:12: make([]mapNode, m.N) escapes to heap
./hash_map.go:255:21: ... argument does not escape
./hash_map.go:255:22: nodes escapes to heap
./hash_map.go:255:58: m.idxN escapes to heap
./hash_map.go:258:28: make([]int16, 1024) escapes to heap
./hash_map.go:262:51: string(bytes.a) does not escape
./hash_map.go:262:51: string(bytes.b) does not escape
./hash_map.go:264:14: ... argument does not escape
./hash_map.go:264:36: (*tagMap).String(m) escapes to heap
./hash_map.go:265:22: ... argument does not escape
./hash_map.go:266:11: string(nn.K) escapes to heap
./hash_map.go:266:11: string(nn.K) escapes to heap
./hash_map.go:266:25: string(n.K) escapes to heap
./hash_map.go:266:25: string(n.K) escapes to heap
./hash_map.go:266:33: m.idxN escapes to heap
./hash_map.go:463:19: idxN does not escape
./hash_map.go:465:18: make([]int16, 1024) escapes to heap
./hash_map.go:483:12: key does not escape
./hash_map.go:483:24: idxNTable does not escape
./hash_map.go:483:43: idxN does not escape
./hash_map.go:501:11: key does not escape
./hash_map.go:501:23: idxNTable does not escape
./hash_map.go:501:42: idxN does not escape
./json.go:17:16: stream does not escape
./json.go:21:15: string(stream) escapes to heap
./json.go:29:16: stream does not escape
./json.go:36:16: stream does not escape
./json.go:48:22: stream does not escape
./json.go:48:37: s does not escape
./json.go:52:14: leaking param: bs to result ~r0 level=0
./json.go:121:14: make([]pair, 0, 8) escapes to heap
./json.go:121:14: make([]pair, 0, 8) escapes to heap
./json.go:474:16: leaking param: stream
./json.go:474:31: leaking param: pObj
./json.go:474:52: leaking param content: tag
./json.go:492:16: leaking param: stream to result raw level=0
./json.go:652:16: bs does not escape
./json.go:655:17: bs does not escape
./json.go:655:28: cs does not escape
./json.go:658:18: bs does not escape
./json.go:658:29: cs does not escape
./json.go:661:18: bs does not escape
./json.go:661:29: cs does not escape
./json.go:664:19: leaking param: xs
./struct_tag_info.go:40:7: leaking param: p to result k level=1
./struct_tag_info.go:43:7: leaking param content: t
./struct_tag_info.go:47:15: make([]mapNode, 0, len(t.ChildList)) escapes to heap
./struct_tag_info.go:53:13: ([]byte)(child.TagName) escapes to heap
./struct_tag_info.go:69:7: leaking param content: t
./struct_tag_info.go:69:28: leaking param: c
./struct_tag_info.go:71:20: make(map[string]*TagInfo) escapes to heap
./struct_tag_info.go:74:19: ... argument does not escape
./struct_tag_info.go:74:70: c.TagName escapes to heap
./struct_tag_info.go:83:14: leaking param: typ
./struct_tag_info.go:84:27: &[]byte{} escapes to heap
./struct_tag_info.go:84:34: []byte{} escapes to heap
./struct_tag_info.go:88:7: leaking param: ti
./struct_tag_info.go:88:29: leaking param: typ
./struct_tag_info.go:297:23: leaking param: typIn
./struct_tag_info.go:158:11: &TagInfo{...} escapes to heap
./struct_tag_info.go:191:26: []sync.Pool{...} escapes to heap
./struct_tag_info.go:192:11: func literal escapes to heap
./struct_tag_info.go:200:11: func literal escapes to heap
./struct_tag_info.go:208:11: func literal escapes to heap
./struct_tag_info.go:216:11: func literal escapes to heap
./struct_tag_info.go:224:11: func literal escapes to heap
./struct_tag_info.go:250:49: func literal escapes to heap
./struct_tag_info.go:256:79: func literal escapes to heap
./struct_tag_info.go:275:10: &TagInfo{...} escapes to heap
./struct_tag_info.go:288:21: ... argument does not escape
./struct_tag_info.go:299:20: ... argument does not escape
./struct_tag_info.go:299:80: typIn.Kind() escapes to heap
./struct_tag_info.go:302:7: &TagInfo{...} escapes to heap
./struct_tag_info.go:310:10: &TagInfo{...} escapes to heap
./struct_tag_info.go:313:32: `"` + field.Name + `"` escapes to heap
./struct_tag_info.go:335:30: `"` + tvs[0] + `"` escapes to heap
./cache.go:53:2: moved to heap: m2
./cache.go:53:12: make(map[go.shape.uint32_0]go.shape.*uint8_1, len(m) + 10) escapes to heap
./struct_tag_node.go:193:18: leaking param: typ
./struct_tag_info.go:373:16: leaking param: bs
./struct_tag_info.go:373:27: leaking param: in
./struct_tag_info.go:374:8: func literal does not escape
./struct_tag_info.go:379:22: ... argument does not escape
./struct_tag_info.go:388:20: ... argument does not escape
./struct_tag_info.go:388:69: ~R0 escapes to heap
./struct_tag_info.go:388:69: string(stream) escapes to heap
./struct_tag_info.go:397:20: ... argument does not escape
./struct_tag_info.go:397:69: ~R0 escapes to heap
./struct_tag_info.go:397:69: string(stream) escapes to heap
./struct_tag_info.go:400:14: make([]interface {}, 0, 32) does not escape
./struct_tag_info.go:408:19: ... argument does not escape
./struct_tag_node.go:189:19: p does not escape
./struct_tag_node.go:214:28: leaking param: v to result ~r0 level=1
./struct_tag_node.go:218:18: leaking param: b to result ~r0 level=0
./struct_tag_node.go:228:18: moved to heap: v
./struct_tag_node.go:232:18: leaking param: v to result ~r0 level=0
./struct_tag_node.go:255:14: leaking param: t to result ~r0 level=1
./cache.go:76:3: moved to heap: m2
./cache.go:76:13: make(map[go.shape.uint32_0]go.shape.*uint8_1, len(m) + 10) escapes to heap
./cache.go:37:2: moved to heap: m
./cache.go:37:11: make(map[go.shape.uint32_0]go.shape.*uint8_1, 1) escapes to heap
./struct_tag_node.go:185:49: moved to heap: m
./hash_map.go:54:15: func literal does not escape
./struct_tag_node.go:185:49: make(map[go.shape.uint32_0]go.shape.*uint8_1, 1) escapes to heap
./func_marshal_unmarshal.go:42:16: index bounds check elided
./func_marshal_unmarshal.go:59:17: index bounds check elided
./func_marshal_unmarshal.go:169:17: index bounds check elided
./json.go:30:18: index bounds check elided
./json.go:42:17: index bounds check elided
./json.go:62:16: index bounds check elided
./json.go:79:20: index bounds check elided
./json.go:102:20: index bounds check elided
./json.go:137:17: index bounds check elided
./json.go:147:20: index bounds check elided
./json.go:159:20: index bounds check elided
./json.go:180:15: index bounds check elided
./json.go:189:20: index bounds check elided
./json.go:202:15: index bounds check elided
./json.go:257:20: index bounds check elided
./struct_tag_info.go:384:16: index bounds check elided
<autogenerated>:1: inlining call to Type.IsNull
<autogenerated>:1: inlining call to Type.String
<autogenerated>:1: inlining call to (*cache[go.shape.uint32_0,go.shape.*uint8_1]).Get
